This is pdfTeX, Version 3.141592653-2.6-1.40.27 (TeX Live 2025) (preloaded format=pdflatex 2025.10.23)  21 NOV 2025 11:09
entering extended mode
 restricted \write18 enabled.
 file:line:error style messages enabled.
 %&-line parsing enabled.
**/Users/jamescarlyle/phd/comp6002/research-topic-groundwater/position-paper/main
(/Users/jamescarlyle/phd/comp6002/research-topic-groundwater/position-paper/main.tex
LaTeX2e <2024-11-01> patch level 2
L3 programming layer <2025-01-18>
(/usr/local/texlive/2025/texmf-dist/tex/latex/llncs/llncs.cls
Document Class: llncs 2025/02/25 v2.26 
 LaTeX document class for Lecture Notes in Computer Science
(/usr/local/texlive/2025/texmf-dist/tex/latex/base/article.cls
Document Class: article 2024/06/29 v1.4n Standard LaTeX document class
(/usr/local/texlive/2025/texmf-dist/tex/latex/base/size10.clo
File: size10.clo 2024/06/29 v1.4n Standard LaTeX file (size option)
)
\c@part=\count196
\c@section=\count197
\c@subsection=\count198
\c@subsubsection=\count199
\c@paragraph=\count266
\c@subparagraph=\count267
\c@figure=\count268
\c@table=\count269
\abovecaptionskip=\skip49
\belowcaptionskip=\skip50
\bibindent=\dimen141
) (/usr/local/texlive/2025/texmf-dist/tex/latex/tools/multicol.sty
Package: multicol 2024/09/14 v1.9i multicolumn formatting (FMi)
\c@tracingmulticols=\count270
\mult@box=\box52
\multicol@leftmargin=\dimen142
\c@unbalance=\count271
\c@collectmore=\count272
\doublecol@number=\count273
\multicoltolerance=\count274
\multicolpretolerance=\count275
\full@width=\dimen143
\page@free=\dimen144
\premulticols=\dimen145
\postmulticols=\dimen146
\multicolsep=\skip51
\multicolbaselineskip=\skip52
\partial@page=\box53
\last@line=\box54
\mc@boxedresult=\box55
\maxbalancingoverflow=\dimen147
\mult@rightbox=\box56
\mult@grightbox=\box57
\mult@firstbox=\box58
\mult@gfirstbox=\box59
\@tempa=\box60
\@tempa=\box61
\@tempa=\box62
\@tempa=\box63
\@tempa=\box64
\@tempa=\box65
\@tempa=\box66
\@tempa=\box67
\@tempa=\box68
\@tempa=\box69
\@tempa=\box70
\@tempa=\box71
\@tempa=\box72
\@tempa=\box73
\@tempa=\box74
\@tempa=\box75
\@tempa=\box76
\@tempa=\box77
\@tempa=\box78
\@tempa=\box79
\@tempa=\box80
\@tempa=\box81
\@tempa=\box82
\@tempa=\box83
\@tempa=\box84
\@tempa=\box85
\@tempa=\box86
\@tempa=\box87
\@tempa=\box88
\@tempa=\box89
\@tempa=\box90
\@tempa=\box91
\@tempa=\box92
\@tempa=\box93
\@tempa=\box94
\@tempa=\box95
\c@minrows=\count276
\c@columnbadness=\count277
\c@finalcolumnbadness=\count278
\last@try=\dimen148
\multicolovershoot=\dimen149
\multicolundershoot=\dimen150
\mult@nat@firstbox=\box96
\colbreak@box=\box97
\mc@col@check@num=\count279
) (/usr/local/texlive/2025/texmf-dist/tex/latex/oberdiek/aliascnt.sty
Package: aliascnt 2018/09/07 v1.5 Alias counters (HO)
)
\c@chapter=\count280
LaTeX Font Info:    Redeclaring math symbol \Gamma on input line 379.
LaTeX Font Info:    Redeclaring math symbol \Delta on input line 380.
LaTeX Font Info:    Redeclaring math symbol \Theta on input line 381.
LaTeX Font Info:    Redeclaring math symbol \Lambda on input line 382.
LaTeX Font Info:    Redeclaring math symbol \Xi on input line 383.
LaTeX Font Info:    Redeclaring math symbol \Pi on input line 384.
LaTeX Font Info:    Redeclaring math symbol \Sigma on input line 385.
LaTeX Font Info:    Redeclaring math symbol \Upsilon on input line 386.
LaTeX Font Info:    Redeclaring math symbol \Phi on input line 387.
LaTeX Font Info:    Redeclaring math symbol \Psi on input line 388.
LaTeX Font Info:    Redeclaring math symbol \Omega on input line 389.
LaTeX Info: Redefining \vec on input line 394.
\tocchpnum=\dimen151
\tocsecnum=\dimen152
\tocsectotal=\dimen153
\tocsubsecnum=\dimen154
\tocsubsectotal=\dimen155
\tocsubsubsecnum=\dimen156
\tocsubsubsectotal=\dimen157
\tocparanum=\dimen158
\tocparatotal=\dimen159
\tocsubparanum=\dimen160
\@tempcntc=\count281
\fnindent=\dimen161
\c@@inst=\count282
\c@@auth=\count283
\c@auco=\count284
\instindent=\dimen162
\authrun=\box98
\authorrunning=\toks17
\tocauthor=\toks18
\titrun=\box99
\titlerunning=\toks19
\toctitle=\toks20
\c@theorem=\count285
\c@case=\count286
\c@conjecture=\count287
\c@corollary=\count288
\c@definition=\count289
\c@example=\count290
\c@exercise=\count291
\c@lemma=\count292
\c@note=\count293
\c@problem=\count294
\c@property=\count295
\c@proposition=\count296
\c@question=\count297
\c@solution=\count298
\c@remark=\count299
\headlineindent=\dimen163
) (/usr/local/texlive/2025/texmf-dist/tex/latex/base/fontenc.sty
Package: fontenc 2021/04/29 v2.0v Standard LaTeX package
) (/usr/local/texlive/2025/texmf-dist/tex/latex/graphics/graphicx.sty
Package: graphicx 2021/09/16 v1.2d Enhanced LaTeX Graphics (DPC,SPQR)
 (/usr/local/texlive/2025/texmf-dist/tex/latex/graphics/keyval.sty
Package: keyval 2022/05/29 v1.15 key=value parser (DPC)
\KV@toks@=\toks21
) (/usr/local/texlive/2025/texmf-dist/tex/latex/graphics/graphics.sty
Package: graphics 2024/08/06 v1.4g Standard LaTeX Graphics (DPC,SPQR)
 (/usr/local/texlive/2025/texmf-dist/tex/latex/graphics/trig.sty
Package: trig 2023/12/02 v1.11 sin cos tan (DPC)
) (/usr/local/texlive/2025/texmf-dist/tex/latex/graphics-cfg/graphics.cfg
File: graphics.cfg 2016/06/04 v1.11 sample graphics configuration
)
Package graphics Info: Driver file: pdftex.def on input line 106.
 (/usr/local/texlive/2025/texmf-dist/tex/latex/graphics-def/pdftex.def
File: pdftex.def 2024/04/13 v1.2c Graphics/color driver for pdftex
))
\Gin@req@height=\dimen164
\Gin@req@width=\dimen165
) (/usr/local/texlive/2025/texmf-dist/tex/latex/float/float.sty
Package: float 2001/11/08 v1.3d Float enhancements (AL)
\c@float@type=\count300
\float@exts=\toks22
\float@box=\box100
\@float@everytoks=\toks23
\@floatcapt=\box101
) (/usr/local/texlive/2025/texmf-dist/tex/latex/geometry/geometry.sty
Package: geometry 2020/01/02 v5.9 Page Geometry
 (/usr/local/texlive/2025/texmf-dist/tex/generic/iftex/ifvtex.sty
Package: ifvtex 2019/10/25 v1.7 ifvtex legacy package. Use iftex instead.
 (/usr/local/texlive/2025/texmf-dist/tex/generic/iftex/iftex.sty
Package: iftex 2024/12/12 v1.0g TeX engine tests
))
\Gm@cnth=\count301
\Gm@cntv=\count302
\c@Gm@tempcnt=\count303
\Gm@bindingoffset=\dimen166
\Gm@wd@mp=\dimen167
\Gm@odd@mp=\dimen168
\Gm@even@mp=\dimen169
\Gm@layoutwidth=\dimen170
\Gm@layoutheight=\dimen171
\Gm@layouthoffset=\dimen172
\Gm@layoutvoffset=\dimen173
\Gm@dimlist=\toks24
) (/usr/local/texlive/2025/texmf-dist/tex/latex/l3backend/l3backend-pdftex.def
File: l3backend-pdftex.def 2024-05-08 L3 backend support: PDF output (pdfTeX)
\l__color_backend_stack_int=\count304
\l__pdf_internal_box=\box102
) (./main.aux

LaTeX Warning: Label `fig:placeholder' multiply defined.

)
\openout1 = `main.aux'.

LaTeX Font Info:    Checking defaults for OML/cmm/m/it on input line 7.
LaTeX Font Info:    ... okay on input line 7.
LaTeX Font Info:    Checking defaults for OMS/cmsy/m/n on input line 7.
LaTeX Font Info:    ... okay on input line 7.
LaTeX Font Info:    Checking defaults for OT1/cmr/m/n on input line 7.
LaTeX Font Info:    ... okay on input line 7.
LaTeX Font Info:    Checking defaults for T1/cmr/m/n on input line 7.
LaTeX Font Info:    ... okay on input line 7.
LaTeX Font Info:    Checking defaults for TS1/cmr/m/n on input line 7.
LaTeX Font Info:    ... okay on input line 7.
LaTeX Font Info:    Checking defaults for OMX/cmex/m/n on input line 7.
LaTeX Font Info:    ... okay on input line 7.
LaTeX Font Info:    Checking defaults for U/cmr/m/n on input line 7.
LaTeX Font Info:    ... okay on input line 7.
 (/usr/local/texlive/2025/texmf-dist/tex/context/base/mkii/supp-pdf.mkii
[Loading MPS to PDF converter (version 2006.09.02).]
\scratchcounter=\count305
\scratchdimen=\dimen174
\scratchbox=\box103
\nofMPsegments=\count306
\nofMParguments=\count307
\everyMPshowfont=\toks25
\MPscratchCnt=\count308
\MPscratchDim=\dimen175
\MPnumerator=\count309
\makeMPintoPDFobject=\count310
\everyMPtoPDFconversion=\toks26
) (/usr/local/texlive/2025/texmf-dist/tex/latex/epstopdf-pkg/epstopdf-base.sty
Package: epstopdf-base 2020-01-24 v2.11 Base part for package epstopdf
Package epstopdf-base Info: Redefining graphics rule for `.eps' on input line 485.
 (/usr/local/texlive/2025/texmf-dist/tex/latex/latexconfig/epstopdf-sys.cfg
File: epstopdf-sys.cfg 2010/07/13 v1.3 Configuration of (r)epstopdf for TeX Live
))
*geometry* driver: auto-detecting
*geometry* detected driver: pdftex
*geometry* verbose mode - [ preamble ] result:
* driver: pdftex
* paper: a4paper
* layout: <same size as paper>
* layoutoffset:(h,v)=(0.0pt,0.0pt)
* modes: twoside 
* h-part:(L,W,R)=(86.72377pt, 424.06033pt, 86.72377pt)
* v-part:(T,H,B)=(86.72377pt, 671.5993pt, 86.72377pt)
* \paperwidth=597.50787pt
* \paperheight=845.04684pt
* \textwidth=424.06033pt
* \textheight=671.5993pt
* \oddsidemargin=14.45378pt
* \evensidemargin=14.45378pt
* \topmargin=-13.54622pt
* \headheight=12.0pt
* \headsep=16.0pt
* \topskip=10.0pt
* \footskip=30.0pt
* \marginparwidth=90.0pt
* \marginparsep=11.0pt
* \columnsep=10.0pt
* \skip\footins=9.0pt plus 4.0pt minus 2.0pt
* \hoffset=0.0pt
* \voffset=0.0pt
* \mag=1000
* \@twocolumnfalse
* \@twosidetrue
* \@mparswitchtrue
* \@reversemarginfalse
* (1in=72.27pt=25.4mm, 1cm=28.453pt)

LaTeX Font Info:    External font `cmex10' loaded for size
(Font)              <7> on input line 12.
LaTeX Font Info:    External font `cmex10' loaded for size
(Font)              <5> on input line 12.
<groundwater-flow.png, id=1, 1204.5pt x 747.79375pt>
File: groundwater-flow.png Graphic file (type png)
<use groundwater-flow.png>
Package pdftex.def Info: groundwater-flow.png  used on input line 32.
(pdftex.def)             Requested size: 318.04524pt x 197.45695pt.


[1

{/usr/local/texlive/2025/texmf-var/fonts/map/pdftex/updmap/pdftex.map}{/usr/local/texlive/2025/texmf-dist/fonts/enc/dvips/cm-super/cm-super-t1.enc}]
Overfull \hbox (4.39426pt too wide) in paragraph at lines 48--49
[]\T1/cmr/m/n/10 Recent ad-vances in deep learn-ing ar-chi-tec-tures, in-clud-ing con-vo-lu-tional neu-ral net-works (CNNs),
 []



[2 <./groundwater-flow.png>]
<timeline.png, id=19, 2409.0pt x 1606.0pt>
File: timeline.png Graphic file (type png)
<use timeline.png>
Package pdftex.def Info: timeline.png  used on input line 56.
(pdftex.def)             Requested size: 212.03017pt x 141.34804pt.


[3 <./timeline.png>]
<nl-borehole-map.png, id=25, 594.22pt x 456.70625pt>
File: nl-borehole-map.png Graphic file (type png)
<use nl-borehole-map.png>
Package pdftex.def Info: nl-borehole-map.png  used on input line 99.
(pdftex.def)             Requested size: 318.04524pt x 244.45041pt.


[4{/usr/local/texlive/2025/texmf-dist/fonts/enc/dvips/cm-super/cm-super-ts1.enc}]
Overfull \hbox (5.89279pt too wide) in paragraph at lines 109--110
[]\T1/cmr/m/n/10 Recent in-no-va-tions^^Vincluding CNN-LSTM hy-brids, physics-informed neu-ral op-er-a-tors (PINNs),
 []

<groundwater-progress.png, id=30, 782.925pt x 258.9675pt>
File: groundwater-progress.png Graphic file (type png)
<use groundwater-progress.png>
Package pdftex.def Info: groundwater-progress.png  used on input line 114.
(pdftex.def)             Requested size: 318.04524pt x 105.20132pt.


[5 <./nl-borehole-map.png>]
<hydro-jules.jpg, id=35, 1336.995pt x 692.5875pt>
File: hydro-jules.jpg Graphic file (type jpg)
<use hydro-jules.jpg>
Package pdftex.def Info: hydro-jules.jpg  used on input line 124.
(pdftex.def)             Requested size: 318.04524pt x 164.75543pt.
<uk-geological-grid.png, id=36, 3064.44875pt x 1645.14626pt>
File: uk-geological-grid.png Graphic file (type png)
<use uk-geological-grid.png>
Package pdftex.def Info: uk-geological-grid.png  used on input line 130.
(pdftex.def)             Requested size: 318.04524pt x 170.72467pt.


[6 <./groundwater-progress.png> <./hydro-jules.jpg>]

[7 <./uk-geological-grid.png>]
LaTeX Font Info:    External font `cmex10' loaded for size
(Font)              <9> on input line 162.
LaTeX Font Info:    External font `cmex10' loaded for size
(Font)              <6> on input line 162.

Underfull \hbox (badness 1112) in paragraph at lines 165--165
[]\T1/cmr/m/n/9 South East Eng-
 []


Underfull \hbox (badness 10000) in paragraph at lines 165--165
[]\T1/cmr/m/n/9 Chalk, Permo-
 []


Underfull \hbox (badness 5331) in paragraph at lines 165--165
[]\T1/cmr/m/n/9 Very high ($\OML/cmm/m/it/9 >$\T1/cmr/m/n/9 75%)
 []


Underfull \hbox (badness 10000) in paragraph at lines 166--166
[]\T1/cmr/m/n/9 Fissured/inter-
 []


Underfull \hbox (badness 1127) in paragraph at lines 167--167
[]\T1/cmr/m/n/9 Ordovician, De-vo-
 []


Underfull \hbox (badness 10000) in paragraph at lines 168--168
[]\T1/cmr/m/n/9 Carboniferous
 []


Underfull \hbox (badness 10000) in paragraph at lines 180--299

 []


Underfull \hbox (badness 10000) in paragraph at lines 180--299

 []


Underfull \hbox (badness 10000) in paragraph at lines 180--299

 []


Underfull \hbox (badness 10000) in paragraph at lines 180--299

 []


Underfull \hbox (badness 10000) in paragraph at lines 180--299

 []


Underfull \hbox (badness 10000) in paragraph at lines 180--299

 []


Underfull \hbox (badness 10000) in paragraph at lines 180--299

 []


Underfull \hbox (badness 10000) in paragraph at lines 180--299

 []


Overfull \hbox (71.7908pt too wide) in paragraph at lines 180--299
\T1/cmr/m/n/10 https://pure.iiasa.ac.at/id/eprint/13009/1/Fate%20of%20water%20pumped%20from%20underground%20and.pdf 
 []


Underfull \hbox (badness 10000) in paragraph at lines 180--299

 []


Underfull \hbox (badness 10000) in paragraph at lines 180--299

 []


Overfull \hbox (3.58524pt too wide) in paragraph at lines 180--299
\T1/cmr/m/n/10 https://www.independent.co.uk/bulletin/news/hosepipe-ban-drought-winter-environment-agency-
 []


Underfull \hbox (badness 10000) in paragraph at lines 180--299

 []


Underfull \hbox (badness 10000) in paragraph at lines 180--299

 []


Underfull \hbox (badness 10000) in paragraph at lines 180--299

 []


Overfull \hbox (228.5303pt too wide) in paragraph at lines 180--299
\T1/cmr/m/n/10 https://www.wfduk.org/sites/default/files/Media/Assessing%20the%20status%20of%20the%20water%20environment/WFD21D%20Final%20Report-
 []


Underfull \hbox (badness 10000) in paragraph at lines 180--299

 []


Underfull \hbox (badness 10000) in paragraph at lines 180--299

 []


Underfull \hbox (badness 10000) in paragraph at lines 180--299

 []


Underfull \hbox (badness 10000) in paragraph at lines 180--299

 []


Underfull \hbox (badness 10000) in paragraph at lines 180--299

 []


Underfull \hbox (badness 10000) in paragraph at lines 180--299

 []


Overfull \hbox (278.90689pt too wide) in paragraph at lines 180--299
\T1/cmr/m/n/10 Journal of Hy-drol-ogy Vol-ume 396, Is-sues 1^^U2, 5 Jan-uary 2011, Pages 128-138. https://agris.fao.org/search/en/providers/122535/records/65deac254c5aef494fdd2713 
 []


Underfull \hbox (badness 10000) in paragraph at lines 180--299

 []


Underfull \hbox (badness 10000) in paragraph at lines 180--299

 []


Underfull \hbox (badness 10000) in paragraph at lines 180--299

 []


Underfull \hbox (badness 10000) in paragraph at lines 180--299

 []


Underfull \hbox (badness 10000) in paragraph at lines 180--299

 []


Underfull \hbox (badness 10000) in paragraph at lines 180--299

 []


Overfull \hbox (25.76038pt too wide) in paragraph at lines 180--299
\T1/cmr/m/n/10 Groundwater for Sus-tain-able De-vel-op-ment, Vol-ume 29, 2025, https://doi.org/10.1016/j.gsd.2025.101417. 
 []


Underfull \hbox (badness 10000) in paragraph at lines 180--299

 []


Underfull \hbox (badness 10000) in paragraph at lines 180--299

 []


Underfull \hbox (badness 10000) in paragraph at lines 180--299

 []


Underfull \hbox (badness 10000) in paragraph at lines 180--299

 []


Underfull \hbox (badness 10000) in paragraph at lines 180--299

 []


Underfull \hbox (badness 10000) in paragraph at lines 180--299

 []


Underfull \hbox (badness 10000) in paragraph at lines 180--299

 []


Overfull \hbox (51.879pt too wide) in paragraph at lines 180--299
\T1/cmr/m/n/10 Journal of Hy-drol-ogy Vol-ume 561, June 2018, Pages 918-929 https://atmos.eoas.fsu.edu/ mye/pdf/paper85.pdf 
 []


Underfull \hbox (badness 10000) in paragraph at lines 180--299

 []


Underfull \hbox (badness 10000) in paragraph at lines 180--299

 []


Underfull \hbox (badness 10000) in paragraph at lines 180--299

 []


Underfull \hbox (badness 10000) in paragraph at lines 180--299

 []


Underfull \hbox (badness 10000) in paragraph at lines 180--299

 []


Overfull \hbox (243.74881pt too wide) in paragraph at lines 180--299
\T1/cmr/m/n/10 https://hydro-jules.org/sites/default/files/2022-12/Creating%20the%20very%20first%20groundwater%20model%20of%20the%20British%20mainland.pdf 
 []


Underfull \hbox (badness 10000) in paragraph at lines 180--299

 []



[8]
Underfull \vbox (badness 10000) has occurred while \output is active []



[9]
Underfull \vbox (badness 10000) has occurred while \output is active []



[10]

[11] (./main.aux)
 ***********
LaTeX2e <2024-11-01> patch level 2
L3 programming layer <2025-01-18>
 ***********


LaTeX Warning: There were multiply-defined labels.

 ) 
Here is how much of TeX's memory you used:
 2705 strings out of 473190
 40823 string characters out of 5715799
 462636 words of memory out of 5000000
 25958 multiletter control sequences out of 15000+600000
 567471 words of font info for 52 fonts, out of 8000000 for 9000
 1141 hyphenation exceptions out of 8191
 57i,12n,65p,888b,285s stack positions out of 10000i,1000n,20000p,200000b,200000s
</usr/local/texlive/2025/texmf-dist/fonts/type1/public/amsfonts/cm/cmmi9.pfb></usr/local/texlive/2025/texmf-dist/fonts/type1/public/amsfonts/cm/cmr7.pfb></usr/local/texlive/2025/texmf-dist/fonts/type1/public/cm-super/sfbx0900.pfb></usr/local/texlive/2025/texmf-dist/fonts/type1/public/cm-super/sfbx1000.pfb></usr/local/texlive/2025/texmf-dist/fonts/type1/public/cm-super/sfbx1200.pfb></usr/local/texlive/2025/texmf-dist/fonts/type1/public/cm-super/sfbx1440.pfb></usr/local/texlive/2025/texmf-dist/fonts/type1/public/cm-super/sfrm0900.pfb></usr/local/texlive/2025/texmf-dist/fonts/type1/public/cm-super/sfrm1000.pfb></usr/local/texlive/2025/texmf-dist/fonts/type1/public/cm-super/sftt1000.pfb>
Output written on main.pdf (11 pages, 4856774 bytes).
PDF statistics:
 102 PDF objects out of 1000 (max. 8388607)
 58 compressed objects within 1 object stream
 0 named destinations out of 1000 (max. 500000)
 31 words of extra memory for PDF output out of 10000 (max. 10000000)

